2024-03-08T00:14:19.722Z - WebSocket server started on port 3001
2024-03-08T00:14:23.534Z - Client connected
2024-03-08T00:14:23.536Z - Handshake request received from client
2024-03-08T00:14:23.537Z - Handshake response sent to client
2024-03-08T00:14:41.724Z - Client connected
2024-03-08T00:14:41.725Z - Handshake request received from client
2024-03-08T00:14:41.725Z - Handshake response sent to client
2024-03-08T00:15:07.433Z - WebSocket server started on port 3001
2024-03-08T00:15:14.335Z - Client connected
2024-03-08T00:15:14.336Z - Handshake request received from client
2024-03-08T00:15:14.337Z - Handshake response sent to client
2024-03-08T00:15:19.294Z - Client connected
2024-03-08T00:15:19.295Z - Handshake request received from client
2024-03-08T00:15:19.295Z - Handshake response sent to client
2024-03-08T00:15:40.270Z - WebSocket server started on port 3001
2024-03-08T00:15:43.048Z - Client connected
2024-03-08T00:15:43.049Z - Handshake request received from client
2024-03-08T00:15:43.050Z - Handshake response sent to client
2024-03-08T00:16:01.032Z - Message received from client
2024-03-08T00:19:26.553Z - WebSocket server started on port 3001
2024-03-08T00:19:31.930Z - Client connected
2024-03-08T00:19:31.931Z - Handshake request received from client
2024-03-08T00:19:31.932Z - Handshake response sent to client
2024-03-08T00:19:36.229Z - Message received from client
2024-03-08T00:23:46.483Z - WebSocket server started on port 3001
2024-03-08T00:23:58.291Z - Client connected
2024-03-08T00:23:58.294Z - Handshake request received from client
2024-03-08T00:23:58.300Z - Handshake response sent to client
2024-03-08T00:24:02.744Z - Client connected
2024-03-08T00:24:02.746Z - Handshake request received from client
2024-03-08T00:24:02.747Z - Handshake response sent to client
2024-03-08T00:39:02.102Z - WebSocket server started on port 3001
2024-03-08T00:39:06.628Z - Client connected
2024-03-08T00:39:06.629Z - Handshake request received from client
2024-03-08T00:39:06.629Z - Handshake response sent to client
2024-03-08T00:39:11.704Z - Message received from client
2024-03-08T00:39:25.927Z - Client connected
2024-03-08T00:39:25.928Z - Handshake request received from client
2024-03-08T00:39:25.928Z - Handshake response sent to client
2024-03-08T00:39:34.370Z - Message received from client
2024-03-08T00:39:43.853Z - Message received from client
2024-03-08T00:40:18.668Z - Message received from client
2024-03-08T00:40:27.168Z - Message received from client
2024-03-08T00:40:42.767Z - Message received from client
2024-03-08T00:40:49.580Z - Message received from client
2024-03-08T00:41:01.515Z - Message received from client
2024-03-08T00:41:23.796Z - Message received from client
2024-03-08T00:41:23.797Z - Client disconnected
2024-03-08T00:41:23.800Z - Client disconnected
2024-03-08T00:41:23.799Z - Message received from client
2024-03-08T00:41:23.847Z - Client connected
2024-03-08T00:41:23.847Z - Handshake request received from client
2024-03-08T00:41:23.848Z - Handshake response sent to client
2024-03-08T00:41:23.860Z - Client connected
2024-03-08T00:41:23.860Z - Handshake request received from client
2024-03-08T00:41:23.860Z - Handshake response sent to client
2024-03-08T00:41:43.641Z - Message received from client
2024-03-08T00:41:43.642Z - Client disconnected
2024-03-08T00:41:43.677Z - Client connected
2024-03-08T00:41:43.677Z - Handshake request received from client
2024-03-08T00:41:43.677Z - Handshake response sent to client
2024-03-08T00:41:43.682Z - Message received from client
2024-03-08T00:41:43.682Z - Client disconnected
2024-03-08T00:41:43.713Z - Client connected
2024-03-08T00:41:43.713Z - Handshake request received from client
2024-03-08T00:41:43.713Z - Handshake response sent to client
2024-03-08T00:42:12.932Z - Message received from client
2024-03-08T00:42:12.932Z - Client disconnected
2024-03-08T00:42:12.935Z - Message received from client
2024-03-08T00:42:12.936Z - Client disconnected
2024-03-08T00:42:12.977Z - Client connected
2024-03-08T00:42:12.977Z - Handshake request received from client
2024-03-08T00:42:12.977Z - Handshake response sent to client
2024-03-08T00:42:12.991Z - Client connected
2024-03-08T00:42:12.991Z - Handshake request received from client
2024-03-08T00:42:12.992Z - Handshake response sent to client
2024-03-08T00:42:21.644Z - Message received from client
2024-03-08T00:42:25.744Z - Message received from client
2024-03-08T00:42:32.894Z - Message received from client
2024-03-08T00:42:38.926Z - Message received from client
2024-03-08T00:42:46.561Z - Message received from client
2024-03-08T00:42:51.346Z - Message received from client
